2011-11-21 23:39:46,202 - Log4JLogChute initialized using file 'velocity.log'
2011-11-21 23:39:46,202 - Starting Apache Velocity v1.5 (compiled: 2007-02-22 08:52:29)
2011-11-21 23:39:46,202 - Default Properties File: org/apache/velocity/runtime/defaults/velocity.properties
2011-11-21 23:39:46,202 - Trying to use logger class org.apache.velocity.runtime.log.AvalonLogChute
2011-11-21 23:39:46,204 - Couldn't find class org.apache.velocity.runtime.log.AvalonLogChute or necessary supporting classes in classpath.
java.lang.NoClassDefFoundError: org/apache/log/format/Formatter
	at java.lang.Class.forName0(Native Method)
	at java.lang.Class.forName(Class.java:247)
	at org.apache.velocity.util.ClassUtils.getClass(ClassUtils.java:63)
	at org.apache.velocity.util.ClassUtils.getNewInstance(ClassUtils.java:95)
	at org.apache.velocity.runtime.log.LogManager.createLogChute(LogManager.java:147)
	at org.apache.velocity.runtime.log.LogManager.updateLog(LogManager.java:208)
	at org.apache.velocity.runtime.RuntimeInstance.initializeLog(RuntimeInstance.java:728)
	at org.apache.velocity.runtime.RuntimeInstance.init(RuntimeInstance.java:240)
	at org.apache.velocity.runtime.RuntimeSingleton.init(RuntimeSingleton.java:113)
	at org.apache.velocity.app.Velocity.init(Velocity.java:83)
	at com.nativelibs4java.velocity.VelocityMojo.executeAll(VelocityMojo.java:176)
	at com.nativelibs4java.velocity.VelocityMojo.execute(VelocityMojo.java:143)
	at org.apache.maven.plugin.DefaultBuildPluginManager.executeMojo(DefaultBuildPluginManager.java:101)
	at org.apache.maven.lifecycle.internal.MojoExecutor.execute(MojoExecutor.java:209)
	at org.apache.maven.lifecycle.internal.MojoExecutor.execute(MojoExecutor.java:153)
	at org.apache.maven.lifecycle.internal.MojoExecutor.execute(MojoExecutor.java:145)
	at org.apache.maven.lifecycle.internal.LifecycleModuleBuilder.buildProject(LifecycleModuleBuilder.java:84)
	at org.apache.maven.lifecycle.internal.LifecycleModuleBuilder.buildProject(LifecycleModuleBuilder.java:59)
	at org.apache.maven.lifecycle.internal.LifecycleStarter.singleThreadedBuild(LifecycleStarter.java:183)
	at org.apache.maven.lifecycle.internal.LifecycleStarter.execute(LifecycleStarter.java:161)
	at org.apache.maven.DefaultMaven.doExecute(DefaultMaven.java:319)
	at org.apache.maven.DefaultMaven.execute(DefaultMaven.java:156)
	at org.apache.maven.cli.MavenCli.execute(MavenCli.java:537)
	at org.apache.maven.cli.MavenCli.doMain(MavenCli.java:196)
	at org.apache.maven.cli.MavenCli.main(MavenCli.java:141)
	at sun.reflect.NativeMethodAccessorImpl.invoke0(Native Method)
	at sun.reflect.NativeMethodAccessorImpl.invoke(NativeMethodAccessorImpl.java:39)
	at sun.reflect.DelegatingMethodAccessorImpl.invoke(DelegatingMethodAccessorImpl.java:25)
	at java.lang.reflect.Method.invoke(Method.java:597)
	at org.codehaus.plexus.classworlds.launcher.Launcher.launchEnhanced(Launcher.java:290)
	at org.codehaus.plexus.classworlds.launcher.Launcher.launch(Launcher.java:230)
	at org.codehaus.plexus.classworlds.launcher.Launcher.mainWithExitCode(Launcher.java:409)
	at org.codehaus.plexus.classworlds.launcher.Launcher.main(Launcher.java:352)
Caused by: java.lang.ClassNotFoundException: org.apache.log.format.Formatter
	at org.codehaus.plexus.classworlds.strategy.SelfFirstStrategy.loadClass(SelfFirstStrategy.java:50)
	at org.codehaus.plexus.classworlds.realm.ClassRealm.loadClass(ClassRealm.java:244)
	at org.codehaus.plexus.classworlds.realm.ClassRealm.loadClass(ClassRealm.java:230)
	... 33 more
2011-11-21 23:39:46,206 - Trying to use logger class org.apache.velocity.runtime.log.Log4JLogChute
2011-11-21 23:39:46,206 - Using logger class org.apache.velocity.runtime.log.Log4JLogChute
2011-11-21 23:39:46,208 - Default ResourceManager initializing. (class org.apache.velocity.runtime.resource.ResourceManagerImpl)
2011-11-21 23:39:46,212 - ResourceLoader instantiated: org.apache.velocity.runtime.resource.loader.FileResourceLoader
2011-11-21 23:39:46,213 - Do unicode file recognition:  false
2011-11-21 23:39:46,213 - FileResourceLoader : adding path '/Users/ochafik/github/nativelibs4java/libraries/OpenCL-JNA/Core/src'
2011-11-21 23:39:46,222 - ResourceCache: initialized (class org.apache.velocity.runtime.resource.ResourceCacheImpl)
2011-11-21 23:39:46,223 - Loaded System Directive: org.apache.velocity.runtime.directive.Literal
2011-11-21 23:39:46,224 - Loaded System Directive: org.apache.velocity.runtime.directive.Macro
2011-11-21 23:39:46,225 - Loaded System Directive: org.apache.velocity.runtime.directive.Parse
2011-11-21 23:39:46,226 - Loaded System Directive: org.apache.velocity.runtime.directive.Include
2011-11-21 23:39:46,227 - Loaded System Directive: org.apache.velocity.runtime.directive.Foreach
2011-11-21 23:39:46,255 - Created '20' parsers.
2011-11-21 23:39:46,261 - Velocimacro : "velocimacro.library" is not set.  Trying default library: VM_global_library.vm
2011-11-21 23:39:46,262 - Velocimacro : Default library not found.
2011-11-21 23:39:46,262 - Velocimacro : allowInline = true : VMs can be defined inline in templates
2011-11-21 23:39:46,262 - Velocimacro : allowInlineToOverride = false : VMs defined inline may NOT replace previous VM definitions
2011-11-21 23:39:46,262 - Velocimacro : allowInlineLocal = false : VMs defined inline will be global in scope if allowed.
2011-11-21 23:39:46,262 - Velocimacro : autoload off : VM system will not automatically reload global library macros
2011-11-22 00:02:39,796 - Log4JLogChute initialized using file 'velocity.log'
2011-11-22 00:02:39,796 - Starting Apache Velocity v1.5 (compiled: 2007-02-22 08:52:29)
2011-11-22 00:02:39,796 - Default Properties File: org/apache/velocity/runtime/defaults/velocity.properties
2011-11-22 00:02:39,796 - Trying to use logger class org.apache.velocity.runtime.log.AvalonLogChute
2011-11-22 00:02:39,797 - Couldn't find class org.apache.velocity.runtime.log.AvalonLogChute or necessary supporting classes in classpath.
java.lang.NoClassDefFoundError: org/apache/log/format/Formatter
	at java.lang.Class.forName0(Native Method)
	at java.lang.Class.forName(Class.java:247)
	at org.apache.velocity.util.ClassUtils.getClass(ClassUtils.java:63)
	at org.apache.velocity.util.ClassUtils.getNewInstance(ClassUtils.java:95)
	at org.apache.velocity.runtime.log.LogManager.createLogChute(LogManager.java:147)
	at org.apache.velocity.runtime.log.LogManager.updateLog(LogManager.java:208)
	at org.apache.velocity.runtime.RuntimeInstance.initializeLog(RuntimeInstance.java:728)
	at org.apache.velocity.runtime.RuntimeInstance.init(RuntimeInstance.java:240)
	at org.apache.velocity.runtime.RuntimeSingleton.init(RuntimeSingleton.java:113)
	at org.apache.velocity.app.Velocity.init(Velocity.java:83)
	at com.nativelibs4java.velocity.VelocityMojo.executeAll(VelocityMojo.java:176)
	at com.nativelibs4java.velocity.VelocityMojo.execute(VelocityMojo.java:143)
	at org.apache.maven.plugin.DefaultBuildPluginManager.executeMojo(DefaultBuildPluginManager.java:101)
	at org.apache.maven.lifecycle.internal.MojoExecutor.execute(MojoExecutor.java:209)
	at org.apache.maven.lifecycle.internal.MojoExecutor.execute(MojoExecutor.java:153)
	at org.apache.maven.lifecycle.internal.MojoExecutor.execute(MojoExecutor.java:145)
	at org.apache.maven.lifecycle.internal.LifecycleModuleBuilder.buildProject(LifecycleModuleBuilder.java:84)
	at org.apache.maven.lifecycle.internal.LifecycleModuleBuilder.buildProject(LifecycleModuleBuilder.java:59)
	at org.apache.maven.lifecycle.internal.LifecycleStarter.singleThreadedBuild(LifecycleStarter.java:183)
	at org.apache.maven.lifecycle.internal.LifecycleStarter.execute(LifecycleStarter.java:161)
	at org.apache.maven.DefaultMaven.doExecute(DefaultMaven.java:319)
	at org.apache.maven.DefaultMaven.execute(DefaultMaven.java:156)
	at org.apache.maven.cli.MavenCli.execute(MavenCli.java:537)
	at org.apache.maven.cli.MavenCli.doMain(MavenCli.java:196)
	at org.apache.maven.cli.MavenCli.main(MavenCli.java:141)
	at sun.reflect.NativeMethodAccessorImpl.invoke0(Native Method)
	at sun.reflect.NativeMethodAccessorImpl.invoke(NativeMethodAccessorImpl.java:39)
	at sun.reflect.DelegatingMethodAccessorImpl.invoke(DelegatingMethodAccessorImpl.java:25)
	at java.lang.reflect.Method.invoke(Method.java:597)
	at org.codehaus.plexus.classworlds.launcher.Launcher.launchEnhanced(Launcher.java:290)
	at org.codehaus.plexus.classworlds.launcher.Launcher.launch(Launcher.java:230)
	at org.codehaus.plexus.classworlds.launcher.Launcher.mainWithExitCode(Launcher.java:409)
	at org.codehaus.plexus.classworlds.launcher.Launcher.main(Launcher.java:352)
Caused by: java.lang.ClassNotFoundException: org.apache.log.format.Formatter
	at org.codehaus.plexus.classworlds.strategy.SelfFirstStrategy.loadClass(SelfFirstStrategy.java:50)
	at org.codehaus.plexus.classworlds.realm.ClassRealm.loadClass(ClassRealm.java:244)
	at org.codehaus.plexus.classworlds.realm.ClassRealm.loadClass(ClassRealm.java:230)
	... 33 more
2011-11-22 00:02:39,799 - Trying to use logger class org.apache.velocity.runtime.log.Log4JLogChute
2011-11-22 00:02:39,799 - Using logger class org.apache.velocity.runtime.log.Log4JLogChute
2011-11-22 00:02:39,801 - Default ResourceManager initializing. (class org.apache.velocity.runtime.resource.ResourceManagerImpl)
2011-11-22 00:02:39,805 - ResourceLoader instantiated: org.apache.velocity.runtime.resource.loader.FileResourceLoader
2011-11-22 00:02:39,806 - Do unicode file recognition:  false
2011-11-22 00:02:39,806 - FileResourceLoader : adding path '/Users/ochafik/github/nativelibs4java/libraries/OpenCL-JNA/Core/src'
2011-11-22 00:02:39,819 - ResourceCache: initialized (class org.apache.velocity.runtime.resource.ResourceCacheImpl)
2011-11-22 00:02:39,820 - Loaded System Directive: org.apache.velocity.runtime.directive.Literal
2011-11-22 00:02:39,822 - Loaded System Directive: org.apache.velocity.runtime.directive.Macro
2011-11-22 00:02:39,823 - Loaded System Directive: org.apache.velocity.runtime.directive.Parse
2011-11-22 00:02:39,824 - Loaded System Directive: org.apache.velocity.runtime.directive.Include
2011-11-22 00:02:39,825 - Loaded System Directive: org.apache.velocity.runtime.directive.Foreach
2011-11-22 00:02:39,851 - Created '20' parsers.
2011-11-22 00:02:39,856 - Velocimacro : "velocimacro.library" is not set.  Trying default library: VM_global_library.vm
2011-11-22 00:02:39,856 - Velocimacro : Default library not found.
2011-11-22 00:02:39,856 - Velocimacro : allowInline = true : VMs can be defined inline in templates
2011-11-22 00:02:39,856 - Velocimacro : allowInlineToOverride = false : VMs defined inline may NOT replace previous VM definitions
2011-11-22 00:02:39,856 - Velocimacro : allowInlineLocal = false : VMs defined inline will be global in scope if allowed.
2011-11-22 00:02:39,856 - Velocimacro : autoload off : VM system will not automatically reload global library macros
2011-11-22 00:02:39,974 - ResourceManager : found main/velocity/com/nativelibs4java/opencl/CLBuffer.java with loader org.apache.velocity.runtime.resource.loader.FileResourceLoader
2011-11-22 00:02:39,996 - Velocimacro : added #docCreateBufferCopy(  bufferType details ) : source = main/velocity/com/nativelibs4java/opencl/CLContext.java
2011-11-22 00:02:39,997 - Velocimacro : added #docCreateBuffer(  bufferType type insertParam exampleOfLength ) : source = main/velocity/com/nativelibs4java/opencl/CLContext.java
2011-11-22 00:02:39,998 - Velocimacro : added #docCreateBufferPrim(  bufferType prim ) : source = main/velocity/com/nativelibs4java/opencl/CLContext.java
2011-11-22 00:02:40,017 - ResourceManager : found main/velocity/com/nativelibs4java/opencl/CLContext.java with loader org.apache.velocity.runtime.resource.loader.FileResourceLoader
2011-11-22 00:06:54,422 - Log4JLogChute initialized using file 'velocity.log'
2011-11-22 00:06:54,423 - Starting Apache Velocity v1.5 (compiled: 2007-02-22 08:52:29)
2011-11-22 00:06:54,423 - Default Properties File: org/apache/velocity/runtime/defaults/velocity.properties
2011-11-22 00:06:54,423 - Trying to use logger class org.apache.velocity.runtime.log.AvalonLogChute
2011-11-22 00:06:54,424 - Couldn't find class org.apache.velocity.runtime.log.AvalonLogChute or necessary supporting classes in classpath.
java.lang.NoClassDefFoundError: org/apache/log/format/Formatter
	at java.lang.Class.forName0(Native Method)
	at java.lang.Class.forName(Class.java:247)
	at org.apache.velocity.util.ClassUtils.getClass(ClassUtils.java:63)
	at org.apache.velocity.util.ClassUtils.getNewInstance(ClassUtils.java:95)
	at org.apache.velocity.runtime.log.LogManager.createLogChute(LogManager.java:147)
	at org.apache.velocity.runtime.log.LogManager.updateLog(LogManager.java:208)
	at org.apache.velocity.runtime.RuntimeInstance.initializeLog(RuntimeInstance.java:728)
	at org.apache.velocity.runtime.RuntimeInstance.init(RuntimeInstance.java:240)
	at org.apache.velocity.runtime.RuntimeSingleton.init(RuntimeSingleton.java:113)
	at org.apache.velocity.app.Velocity.init(Velocity.java:83)
	at com.nativelibs4java.velocity.VelocityMojo.executeAll(VelocityMojo.java:176)
	at com.nativelibs4java.velocity.VelocityMojo.execute(VelocityMojo.java:143)
	at org.apache.maven.plugin.DefaultBuildPluginManager.executeMojo(DefaultBuildPluginManager.java:101)
	at org.apache.maven.lifecycle.internal.MojoExecutor.execute(MojoExecutor.java:209)
	at org.apache.maven.lifecycle.internal.MojoExecutor.execute(MojoExecutor.java:153)
	at org.apache.maven.lifecycle.internal.MojoExecutor.execute(MojoExecutor.java:145)
	at org.apache.maven.lifecycle.internal.LifecycleModuleBuilder.buildProject(LifecycleModuleBuilder.java:84)
	at org.apache.maven.lifecycle.internal.LifecycleModuleBuilder.buildProject(LifecycleModuleBuilder.java:59)
	at org.apache.maven.lifecycle.internal.LifecycleStarter.singleThreadedBuild(LifecycleStarter.java:183)
	at org.apache.maven.lifecycle.internal.LifecycleStarter.execute(LifecycleStarter.java:161)
	at org.apache.maven.DefaultMaven.doExecute(DefaultMaven.java:319)
	at org.apache.maven.DefaultMaven.execute(DefaultMaven.java:156)
	at org.apache.maven.cli.MavenCli.execute(MavenCli.java:537)
	at org.apache.maven.cli.MavenCli.doMain(MavenCli.java:196)
	at org.apache.maven.cli.MavenCli.main(MavenCli.java:141)
	at sun.reflect.NativeMethodAccessorImpl.invoke0(Native Method)
	at sun.reflect.NativeMethodAccessorImpl.invoke(NativeMethodAccessorImpl.java:39)
	at sun.reflect.DelegatingMethodAccessorImpl.invoke(DelegatingMethodAccessorImpl.java:25)
	at java.lang.reflect.Method.invoke(Method.java:597)
	at org.codehaus.plexus.classworlds.launcher.Launcher.launchEnhanced(Launcher.java:290)
	at org.codehaus.plexus.classworlds.launcher.Launcher.launch(Launcher.java:230)
	at org.codehaus.plexus.classworlds.launcher.Launcher.mainWithExitCode(Launcher.java:409)
	at org.codehaus.plexus.classworlds.launcher.Launcher.main(Launcher.java:352)
Caused by: java.lang.ClassNotFoundException: org.apache.log.format.Formatter
	at org.codehaus.plexus.classworlds.strategy.SelfFirstStrategy.loadClass(SelfFirstStrategy.java:50)
	at org.codehaus.plexus.classworlds.realm.ClassRealm.loadClass(ClassRealm.java:244)
	at org.codehaus.plexus.classworlds.realm.ClassRealm.loadClass(ClassRealm.java:230)
	... 33 more
2011-11-22 00:06:54,425 - Trying to use logger class org.apache.velocity.runtime.log.Log4JLogChute
2011-11-22 00:06:54,425 - Using logger class org.apache.velocity.runtime.log.Log4JLogChute
2011-11-22 00:06:54,427 - Default ResourceManager initializing. (class org.apache.velocity.runtime.resource.ResourceManagerImpl)
2011-11-22 00:06:54,429 - ResourceLoader instantiated: org.apache.velocity.runtime.resource.loader.FileResourceLoader
2011-11-22 00:06:54,430 - Do unicode file recognition:  false
2011-11-22 00:06:54,430 - FileResourceLoader : adding path '/Users/ochafik/github/nativelibs4java/libraries/OpenCL-JNA/Core/src'
2011-11-22 00:06:54,442 - ResourceCache: initialized (class org.apache.velocity.runtime.resource.ResourceCacheImpl)
2011-11-22 00:06:54,443 - Loaded System Directive: org.apache.velocity.runtime.directive.Literal
2011-11-22 00:06:54,444 - Loaded System Directive: org.apache.velocity.runtime.directive.Macro
2011-11-22 00:06:54,445 - Loaded System Directive: org.apache.velocity.runtime.directive.Parse
2011-11-22 00:06:54,446 - Loaded System Directive: org.apache.velocity.runtime.directive.Include
2011-11-22 00:06:54,447 - Loaded System Directive: org.apache.velocity.runtime.directive.Foreach
2011-11-22 00:06:54,479 - Created '20' parsers.
2011-11-22 00:06:54,483 - Velocimacro : "velocimacro.library" is not set.  Trying default library: VM_global_library.vm
2011-11-22 00:06:54,484 - Velocimacro : Default library not found.
2011-11-22 00:06:54,484 - Velocimacro : allowInline = true : VMs can be defined inline in templates
2011-11-22 00:06:54,484 - Velocimacro : allowInlineToOverride = false : VMs defined inline may NOT replace previous VM definitions
2011-11-22 00:06:54,484 - Velocimacro : allowInlineLocal = false : VMs defined inline will be global in scope if allowed.
2011-11-22 00:06:54,484 - Velocimacro : autoload off : VM system will not automatically reload global library macros
